ISim log file
Running: C:\Users\Marco\Dropbox\School\WINTER 2017\161L\Labs\Lab2 - Float Fixed Converter\floattb_isim_beh.exe -intstyle ise -gui -tclbatch isim.cmd -wdb C:/Users/Marco/Dropbox/School/WINTER 2017/161L/Labs/Lab2 - Float Fixed Converter/floattb_isim_beh.wdb 
ISim P.15xf (signature 0xc3576ebc)
This is a Full version of ISim.
Time resolution is 1 ps
# onerror resume
# wave add /
# run 1000 ns
Simulator is doing circuit initialization process.
Finished circuit initialization process.
 TC 01 ....... 41ca0000 5f000000 
Failed TC 1 ....... 41ca0000 5f000000 
 TC 02 ....... 00000065 00000000 
Failed TC 2 ....... 00000065 00000000 
 TC 03 ....... 414a0000 4d800000 
Failed TC 3 ....... 414a0000 4d800000 
 TC 04 ....... 00000065 00000000 
Failed TC 4 ....... 00000065 00000000 
 TC 05 ....... 40ca0000 4d000000 
Failed TC 5 ....... 40ca0000 4d000000 
 TC 06 ....... 00000065 00000000 
Failed TC 6 ....... 00000065 00000000 
 TC 07 ....... 3fc00000 4c800000 
Failed TC 7 ....... 3fc00000 4c800000 
 TC 08 ....... 000000c0 00000000 
Failed TC 8 ....... 000000c0 00000000 
 TC 09 ....... 44000000 4a800000 
Failed TC 9 ....... 44000000 4a800000 
ISim P.15xf (signature 0xc3576ebc)
This is a Full version of ISim.
# run 1000 ns
Simulator is doing circuit initialization process.
Finished circuit initialization process.
 TC 01 ....... 41ca0000 5f000000 
Failed TC 1 ....... 41ca0000 5f000000 
 TC 02 ....... 00000065 00000000 
Failed TC 2 ....... 00000065 00000000 
 TC 03 ....... 414a0000 4d800000 
Failed TC 3 ....... 414a0000 4d800000 
 TC 04 ....... 00000065 00000000 
Failed TC 4 ....... 00000065 00000000 
 TC 05 ....... 40ca0000 4d000000 
Failed TC 5 ....... 40ca0000 4d000000 
 TC 06 ....... 00000065 00000000 
Failed TC 6 ....... 00000065 00000000 
 TC 07 ....... 3fc00000 4c800000 
Failed TC 7 ....... 3fc00000 4c800000 
 TC 08 ....... 000000c0 00000000 
Failed TC 8 ....... 000000c0 00000000 
 TC 09 ....... 44000000 4a800000 
Failed TC 9 ....... 44000000 4a800000 
ISim P.15xf (signature 0xc3576ebc)
This is a Full version of ISim.
# run 1000 ns
Simulator is doing circuit initialization process.
Finished circuit initialization process.
 TC 01 ....... 41ca0000 00000000 
Failed TC 1 ....... 41ca0000 00000000 
 TC 02 ....... 00000065 41ca0000 
Failed TC 2 ....... 00000065 41ca0000 
 TC 03 ....... 414a0000 00000065 
Failed TC 3 ....... 414a0000 00000065 
 TC 04 ....... 00000065 414a0000 
Failed TC 4 ....... 00000065 414a0000 
 TC 05 ....... 40ca0000 00000065 
Failed TC 5 ....... 40ca0000 00000065 
 TC 06 ....... 00000065 40ca0000 
Failed TC 6 ....... 00000065 40ca0000 
 TC 07 ....... 3fc00000 00000065 
Failed TC 7 ....... 3fc00000 00000065 
 TC 08 ....... 000000c0 3fc00000 
Failed TC 8 ....... 000000c0 3fc00000 
 TC 09 ....... 44000000 000000c0 
Failed TC 9 ....... 44000000 000000c0 
ISim P.15xf (signature 0xc3576ebc)
This is a Full version of ISim.
# run 1000 ns
Simulator is doing circuit initialization process.
Finished circuit initialization process.
 TC 01 ....... 41ca0000 5f000000 
Failed TC 1 ....... 41ca0000 5f000000 
 TC 02 ....... 00000065 00000000 
Failed TC 2 ....... 00000065 00000000 
 TC 03 ....... 414a0000 4d800000 
Failed TC 3 ....... 414a0000 4d800000 
 TC 04 ....... 00000065 00000000 
Failed TC 4 ....... 00000065 00000000 
 TC 05 ....... 40ca0000 4d000000 
Failed TC 5 ....... 40ca0000 4d000000 
 TC 06 ....... 00000065 00000000 
Failed TC 6 ....... 00000065 00000000 
 TC 07 ....... 3fc00000 4c800000 
Failed TC 7 ....... 3fc00000 4c800000 
 TC 08 ....... 000000c0 00000000 
Failed TC 8 ....... 000000c0 00000000 
 TC 09 ....... 44000000 4a800000 
Failed TC 9 ....... 44000000 4a800000 
ISim P.15xf (signature 0xc3576ebc)
This is a Full version of ISim.
# run 1000 ns
Simulator is doing circuit initialization process.
Finished circuit initialization process.
 TC 01 ....... 41ca0000 5f000000 
Failed TC 1 ....... 41ca0000 5f000000 
 TC 02 ....... 00000065 00000000 
Failed TC 2 ....... 00000065 00000000 
 TC 03 ....... 414a0000 4d800000 
Failed TC 3 ....... 414a0000 4d800000 
 TC 04 ....... 00000065 00000000 
Failed TC 4 ....... 00000065 00000000 
 TC 05 ....... 40ca0000 4d000000 
Failed TC 5 ....... 40ca0000 4d000000 
 TC 06 ....... 00000065 00000000 
Failed TC 6 ....... 00000065 00000000 
 TC 07 ....... 3fc00000 4c800000 
Failed TC 7 ....... 3fc00000 4c800000 
 TC 08 ....... 000000c0 00000000 
Failed TC 8 ....... 000000c0 00000000 
 TC 09 ....... 44000000 4a800000 
Failed TC 9 ....... 44000000 4a800000 
ISim P.15xf (signature 0xc3576ebc)
This is a Full version of ISim.
# run 1000 ns
Simulator is doing circuit initialization process.
Finished circuit initialization process.
 TC 01 ....... 41ca0000 5f000000 
Failed TC 1 ....... 41ca0000 5f000000 
 TC 02 ....... 00000065 00000000 
Failed TC 2 ....... 00000065 00000000 
 TC 03 ....... 414a0000 4d800000 
Failed TC 3 ....... 414a0000 4d800000 
 TC 04 ....... 00000065 00000000 
Failed TC 4 ....... 00000065 00000000 
 TC 05 ....... 40ca0000 4d000000 
Failed TC 5 ....... 40ca0000 4d000000 
 TC 06 ....... 00000065 00000000 
Failed TC 6 ....... 00000065 00000000 
 TC 07 ....... 3fc00000 4c800000 
Failed TC 7 ....... 3fc00000 4c800000 
 TC 08 ....... 000000c0 00000000 
Failed TC 8 ....... 000000c0 00000000 
 TC 09 ....... 44000000 4a800000 
Failed TC 9 ....... 44000000 4a800000 
ISim P.15xf (signature 0xc3576ebc)
This is a Full version of ISim.
# run 1000 ns
Simulator is doing circuit initialization process.
Finished circuit initialization process.
 TC 01 ....... 41ca0000 41ca0000 
 TC 02 ....... 00000065 00000065 
 TC 03 ....... 414a0000 414a0000 
 TC 04 ....... 00000065 00000065 
 TC 05 ....... 40ca0000 40ca0000 
 TC 06 ....... 00000065 00000065 
 TC 07 ....... 3fc00000 3fc00000 
 TC 08 ....... 000000c0 000000c0 
 TC 09 ....... 44000000 44000000 
